{"/home/viola/rithm/exercises/node-markov/markov.js": {"path":"/home/viola/rithm/exercises/node-markov/markov.js","statementMap":{"0":{"start":{"line":12,"column":4},"end":{"line":12,"column":40}},"1":{"start":{"line":13,"column":4},"end":{"line":13,"column":35}},"2":{"start":{"line":31,"column":17},"end":{"line":31,"column":19}},"3":{"start":{"line":33,"column":4},"end":{"line":37,"column":5}},"4":{"start":{"line":33,"column":17},"end":{"line":33,"column":18}},"5":{"start":{"line":34,"column":17},"end":{"line":34,"column":30}},"6":{"start":{"line":35,"column":6},"end":{"line":35,"column":40}},"7":{"start":{"line":36,"column":6},"end":{"line":36,"column":51}},"8":{"start":{"line":39,"column":4},"end":{"line":39,"column":18}},"9":{"start":{"line":50,"column":15},"end":{"line":50,"column":17}},"10":{"start":{"line":51,"column":15},"end":{"line":51,"column":28}},"11":{"start":{"line":53,"column":4},"end":{"line":56,"column":5}},"12":{"start":{"line":54,"column":6},"end":{"line":54,"column":22}},"13":{"start":{"line":55,"column":6},"end":{"line":55,"column":34}},"14":{"start":{"line":58,"column":4},"end":{"line":58,"column":26}},"15":{"start":{"line":62,"column":22},"end":{"line":62,"column":74}},"16":{"start":{"line":63,"column":4},"end":{"line":63,"column":42}},"17":{"start":{"line":67,"column":0},"end":{"line":69,"column":2}}},"fnMap":{"0":{"name":"(anonymous_0)","decl":{"start":{"line":9,"column":2},"end":{"line":9,"column":3}},"loc":{"start":{"line":9,"column":20},"end":{"line":14,"column":3}},"line":9},"1":{"name":"(anonymous_1)","decl":{"start":{"line":30,"column":2},"end":{"line":30,"column":3}},"loc":{"start":{"line":30,"column":14},"end":{"line":40,"column":3}},"line":30},"2":{"name":"(anonymous_2)","decl":{"start":{"line":46,"column":2},"end":{"line":46,"column":3}},"loc":{"start":{"line":46,"column":12},"end":{"line":59,"column":3}},"line":46},"3":{"name":"(anonymous_3)","decl":{"start":{"line":61,"column":2},"end":{"line":61,"column":3}},"loc":{"start":{"line":61,"column":19},"end":{"line":64,"column":3}},"line":61}},"branchMap":{"0":{"loc":{"start":{"line":35,"column":21},"end":{"line":35,"column":39}},"type":"binary-expr","locations":[{"start":{"line":35,"column":21},"end":{"line":35,"column":33}},{"start":{"line":35,"column":37},"end":{"line":35,"column":39}}],"line":35},"1":{"loc":{"start":{"line":36,"column":24},"end":{"line":36,"column":49}},"type":"binary-expr","locations":[{"start":{"line":36,"column":24},"end":{"line":36,"column":41}},{"start":{"line":36,"column":45},"end":{"line":36,"column":49}}],"line":36}},"s":{"0":2,"1":2,"2":2,"3":2,"4":2,"5":32,"6":32,"7":32,"8":2,"9":1,"10":1,"11":1,"12":5,"13":5,"14":1,"15":5,"16":5,"17":1},"f":{"0":2,"1":2,"2":1,"3":5},"b":{"0":[32,18],"1":[32,2]},"_coverageSchema":"1a1c01bbd47fc00a2c39e90264f33305004495a9","hash":"b6fd34a600bf3751489c6aee55c318132b9d77d5"}
}
